750
1
28
872 871
95 94
288 285
475 474
115 114
810 808
179
195 191
862 861
72 71
119 118
2 0
62
576
3
295 291
172 171
82 80
771
560
216
478 476
45
169 168
44 40
93 91
402 401
313
65 64
12 10
157 156
344 343
155 153
234 231
162 161
443 438
281
336 335
661 660
262 259
204 200
717 716
250 249
37 36
143 138
387
17
79 76
92
32 31
152 151
125
410 409
363 359
133 131
566 564
828 825
500
286
78
371 368
388 386
130 129
101 99
165 163
824 818
469 466
53 52
670 668
915 912
408 407
737 735
38
185 183
806 805
51 49
817 816
128 126
8 6
482 481
789 788
984 982
137 134
383 382
9
22
775
108 105
949 947
341 339
461 459
43
424 422
127
26 20
582 581
34
175 173
199 198
242 238
13
606
230
497
150 147
536
309
644
957 956
405 403
145
768
995 993
744 740
451
745
98
47 46
676 675
244 243
18 15
48
622 620
327 324
117 116
812
612 609
272
104 102
320
338 337
248 246
70
154
483
109
820
69 68
296
166
437 434
5
458 455
233
358
35
280 273
417 415
457
97 96
974 973
436
196
835 834
182 180
414 413
416
124 123
189
373 372
760 759
215 214
683 681
376 375
364
61 59
149
395 394
331 330
312
803
392 390
833 832
539
210
245
148
411
269 266
67 66
257 256
30 27
940 937
304 297
113
495 494
585 583
899
111
423
756
146 144
253 252
202
600 599
329
241
221 218
315
89
300
393
225
350 345
547 545
881 879
858 857
224 223
87
211
287
847 846
454 452
513 512
544 543
629
518 517
7
614
176
979 977
160 158
468
487 484
503 501
584
685 684
237 236
412
56
19
298
11
511 510
106
227 226
471 470
465 464
159
271 270
265
516
4
167
799
264 263
247
255
696 695
378
432 428
630 628
261
472
88 86
366 365
50
479
559
302
367
399 398
551
348
439
103
294
801 800
73
634 633
542 537
580 579
58 57
385 384
769 765
610
29
39
876 873
23
567
596
251
643 637
283
659 657
83
619 618
81
450
228
328
796 795
100
74
529 528
25
602
41
433
605
964
591
558 553
217
550
139
653 651
60
197
449 447
311
625 624
212
107
207 206
507
430
333
181
254
277
361
636 635
936
814 813
229
14
112
55 54
617 615
703 701
307 306
77
205
664 662
587 586
275
533
728
504
522 521
318 310
875
164
322 321
597
21
203
546
404
370
492 490
446
406
508
574
355 353
815
467
194
63
505
140
674 673
136
121
201
573 572
841 840
930 929
838 837
608 607
462
707
509
557
666 665
305
323
923
934 932
299
527 525
90
85 84
975
709 705
506
334
356
933
142
75
616
755
184
24
260
767
867
520
177
292
648
445 444
463
552 548
498 496
290 289
897 894
314
991 990
279
178
711 710
499
723
627
849
379
209
721 720
811
110
187
781 774
377
232
317
352
731 726
725
907
347
893
626
429
132
276
42
758 753
906
219
278
357
351
258
688
715 714
779
963
186
427 426
729
746
170
268
435
677
802
575
970
193
773 770
532
743
325
638
120
889
316
736
301
488
208
645
569
988 985
141
994
918 916
190 188
535 534
419 418
374
349
856 853
850
16
135
524 523
571 568
381
848
174
704
456
240
389
239
442
213
222
514
869
274
400
293
489
911 910
33
477
391
908
598 595
903 902
502
623
397
950
901 898
785
122
538
267
692
282
303
480
604
578 577
284
340
778
332
354
561
647
440
719
962
460
654
549
431
712
594
830
326
667
909 904
531
649
342
360
473
369
943 941
655
425
362
702
888
706
836
319
220
540
346
555
763 762
650
924
421
493
632 631
946 945
690
798 797
761
928 927
960 958
965 961
887
724
563 562
939
526
554
611
741
235
519
541
942
794 793
565
732
750 749
900
441
679
819
868 866
860
892 891
821
590 589
530
380
663
870
885 884
491
669
865
786
672
689 686
831
588
997
864
641
968 967
880
922
592
842
613
727
682
396
448
877
515
603 601
754
926
694
722
978
708
886
698 697
851
687
757
752 751
935
730
308
951
570
656
485
921
809
658
652
640
718
678
747
621
693
863
642
192
792
486
691
787
671
776
700 699
556
733
772
859
874
646
680
742
713
764
855
739
920 919
639
986
845
953 952
791
839
790
969
453
843
822
992
804
827
807
783 782
931
905
738
999 996
844
823
852
878
829
972
896
883 882
913
420
895
944
593
734
748
766
784
777
890
826
914
959
981 980
780
955
854
917
976
925
938
998
954
948
987
966
983
971
989
